<?xml version="1.0" encoding="UTF-8"?>
<!-- Generated by org.testng.reporters.JUnitXMLReporter -->
<testsuite ignored="1" hostname="LAPTOP-E1QE7JE5" failures="0" tests="2" name="Default test" time="81.298" errors="0" timestamp="2023-08-13T16:54:55 IST">
  <testcase classname="TestCases.LoginPageTest" name="fblogoTest" time="0.252"/>
  <testcase classname="TestCases.LoginPageTest" name="loginFBtest" time="11.997"/>
  <testcase classname="TestCases.LoginPageTest" name="verifyTitleTest" time="0.0">
    <ignored/>
  </testcase> <!-- verifyTitleTest -->
</testsuite> <!-- Default test -->
