<?xml version="1.0" encoding="UTF-8"?>
<testng-results ignored="1" total="3" passed="2" failed="0" skipped="0">
  <reporter-output>
  </reporter-output>
  <suite started-at="2023-08-13T16:53:33 IST" name="Default suite" finished-at="2023-08-13T16:54:55 IST" duration-ms="81298">
    <groups>
    </groups>
    <test started-at="2023-08-13T16:53:33 IST" name="Default test" finished-at="2023-08-13T16:54:55 IST" duration-ms="81298">
      <class name="TestCases.LoginPageTest">
        <test-method is-config="true" signature="setup()[pri:0, instance:TestCases.LoginPageTest@2c1b194a]" started-at="2023-08-13T16:53:34 IST" name="setup" finished-at="2023-08-13T16:54:40 IST" duration-ms="66990" status="PASS">
          <reporter-output>
          </reporter-output>
        </test-method> <!-- setup -->
        <test-method signature="fblogoTest()[pri:0, instance:TestCases.LoginPageTest@2c1b194a]" started-at="2023-08-13T16:54:41 IST" name="fblogoTest" finished-at="2023-08-13T16:54:41 IST" duration-ms="252" status="PASS">
          <reporter-output>
          </reporter-output>
        </test-method> <!-- fblogoTest -->
        <test-method signature="loginFBtest()[pri:0, instance:TestCases.LoginPageTest@2c1b194a]" started-at="2023-08-13T16:54:41 IST" name="loginFBtest" finished-at="2023-08-13T16:54:53 IST" duration-ms="11997" status="PASS">
          <reporter-output>
          </reporter-output>
        </test-method> <!-- loginFBtest -->
        <test-method is-config="true" signature="exit()[pri:0, instance:TestCases.LoginPageTest@2c1b194a]" started-at="2023-08-13T16:54:53 IST" name="exit" finished-at="2023-08-13T16:54:55 IST" duration-ms="1890" status="PASS">
          <reporter-output>
          </reporter-output>
        </test-method> <!-- exit -->
      </class> <!-- TestCases.LoginPageTest -->
    </test> <!-- Default test -->
  </suite> <!-- Default suite -->
</testng-results>
